#
# There is insufficient memory for the Java Runtime Environment to continue.
# Native memory allocation (malloc) failed to allocate 716177408 bytes for committing reserved memory.
# Possible reasons:
#   The system is out of physical RAM or swap space
#   In 32 bit mode, the process size limit was hit
# Possible solutions:
#   Reduce memory load on the system
#   Increase physical memory or swap space
#   Check if swap backing store is full
#   Use 64 bit Java on a 64 bit OS
#   Decrease Java heap size (-Xmx/-Xms)
#   Decrease number of Java threads
#   Decrease Java thread stack sizes (-Xss)
#   Set larger code cache with -XX:ReservedCodeCacheSize=
# This output file may be truncated or incomplete.
#
#  Out of Memory Error (os_linux.cpp:2827), pid=32680, tid=140335264028416
#
# JRE version:  (7.0_101) (build )
# Java VM: OpenJDK 64-Bit Server VM (24.95-b01 mixed mode linux-amd64 compressed oops)
# Derivative: IcedTea 2.6.6
# Distribution: Custom build (Mon May  2 15:33:26 UTC 2016)
# Core dump written. Default location: /home/brett/workspace/coursera-FPP-scala/forcomp/core or core.32680
#

---------------  T H R E A D  ---------------

Current thread (0x00007fa250008000):  JavaThread "Unknown thread" [_thread_in_vm, id=32681, stack(0x00007fa2597fd000,0x00007fa2598fe000)]

Stack: [0x00007fa2597fd000,0x00007fa2598fe000],  sp=0x00007fa2598fc5a0,  free space=1021k
Native frames: (J=compiled Java code, j=interpreted, Vv=VM code, C=native code)
V  [libjvm.so+0x994fa3]
V  [libjvm.so+0x48b35f]
V  [libjvm.so+0x80187b]
V  [libjvm.so+0x7fbcee]
V  [libjvm.so+0x871e2b]
V  [libjvm.so+0x860feb]
V  [libjvm.so+0x295a45]
V  [libjvm.so+0x823e39]
V  [libjvm.so+0x95fa87]
V  [libjvm.so+0x95fdc6]
V  [libjvm.so+0x5b58ef]
V  [libjvm.so+0x943abf]
V  [libjvm.so+0x627249]  JNI_CreateJavaVM+0x69
C  [libjli.so+0x297f]


---------------  P R O C E S S  ---------------

Java Threads: ( => current thread )

Other Threads:

=>0x00007fa250008000 (exited) JavaThread "Unknown thread" [_thread_in_vm, id=32681, stack(0x00007fa2597fd000,0x00007fa2598fe000)]

VM state:not at safepoint (not fully initialized)

VM Mutex/Monitor currently owned by a thread: None

GC Heap History (0 events):
No events

Deoptimization events (0 events):
No events

Internal exceptions (0 events):
No events

Events (0 events):
No events


Dynamic libraries:
00400000-00401000 r-xp 00000000 08:12 1456063                            /usr/lib/jvm/java-7-openjdk/jre/bin/java
00600000-00601000 rw-p 00000000 08:12 1456063                            /usr/lib/jvm/java-7-openjdk/jre/bin/java
01172000-01193000 rw-p 00000000 00:00 0                                  [heap]
aff80000-bff80000 rw-p 00000000 00:00 0 
eaa80000-100000000 rw-p 00000000 00:00 0 
7fa248000000-7fa248270000 rwxp 00000000 00:00 0 
7fa248270000-7fa250023000 rw-p 00000000 00:00 0 
7fa250023000-7fa254000000 ---p 00000000 00:00 0 
7fa2565a0000-7fa256775000 rw-p 00000000 00:00 0 
7fa256775000-7fa25682b000 rw-p 00000000 00:00 0 
7fa25682b000-7fa256a21000 rw-p 00000000 00:00 0 
7fa256a21000-7fa256a29000 r-xp 00000000 08:12 1573063                    /usr/lib/jvm/java-7-openjdk/jre/lib/amd64/libzip.so
7fa256a29000-7fa256c28000 ---p 00008000 08:12 1573063                    /usr/lib/jvm/java-7-openjdk/jre/lib/amd64/libzip.so
7fa256c28000-7fa256c29000 rw-p 00007000 08:12 1573063                    /usr/lib/jvm/java-7-openjdk/jre/lib/amd64/libzip.so
7fa256c29000-7fa256c34000 r-xp 00000000 08:12 924348                     /usr/lib/libnss_files-2.23.so
7fa256c34000-7fa256e33000 ---p 0000b000 08:12 924348                     /usr/lib/libnss_files-2.23.so
7fa256e33000-7fa256e34000 r--p 0000a000 08:12 924348                     /usr/lib/libnss_files-2.23.so
7fa256e34000-7fa256e35000 rw-p 0000b000 08:12 924348                     /usr/lib/libnss_files-2.23.so
7fa256e35000-7fa256e3b000 rw-p 00000000 00:00 0 
7fa256e3b000-7fa256e66000 r-xp 00000000 08:12 1573062                    /usr/lib/jvm/java-7-openjdk/jre/lib/amd64/libjava.so
7fa256e66000-7fa257066000 ---p 0002b000 08:12 1573062                    /usr/lib/jvm/java-7-openjdk/jre/lib/amd64/libjava.so
7fa257066000-7fa257068000 rw-p 0002b000 08:12 1573062                    /usr/lib/jvm/java-7-openjdk/jre/lib/amd64/libjava.so
7fa257068000-7fa257075000 r-xp 00000000 08:12 1573061                    /usr/lib/jvm/java-7-openjdk/jre/lib/amd64/libverify.so
7fa257075000-7fa257274000 ---p 0000d000 08:12 1573061                    /usr/lib/jvm/java-7-openjdk/jre/lib/amd64/libverify.so
7fa257274000-7fa257276000 rw-p 0000c000 08:12 1573061                    /usr/lib/jvm/java-7-openjdk/jre/lib/amd64/libverify.so
7fa257276000-7fa25727d000 r-xp 00000000 08:12 924478                     /usr/lib/librt-2.23.so
7fa25727d000-7fa25747c000 ---p 00007000 08:12 924478                     /usr/lib/librt-2.23.so
7fa25747c000-7fa25747d000 r--p 00006000 08:12 924478                     /usr/lib/librt-2.23.so
7fa25747d000-7fa25747e000 rw-p 00007000 08:12 924478                     /usr/lib/librt-2.23.so
7fa25747e000-7fa257494000 r-xp 00000000 08:12 921064                     /usr/lib/libgcc_s.so.1
7fa257494000-7fa257693000 ---p 00016000 08:12 921064                     /usr/lib/libgcc_s.so.1
7fa257693000-7fa257694000 rw-p 00015000 08:12 921064                     /usr/lib/libgcc_s.so.1
7fa257694000-7fa257797000 r-xp 00000000 08:12 924473                     /usr/lib/libm-2.23.so
7fa257797000-7fa257996000 ---p 00103000 08:12 924473                     /usr/lib/libm-2.23.so
7fa257996000-7fa257997000 r--p 00102000 08:12 924473                     /usr/lib/libm-2.23.so
7fa257997000-7fa257998000 rw-p 00103000 08:12 924473                     /usr/lib/libm-2.23.so
7fa257998000-7fa257b10000 r-xp 00000000 08:12 925640                     /usr/lib/libstdc++.so.6.0.22
7fa257b10000-7fa257d0f000 ---p 00178000 08:12 925640                     /usr/lib/libstdc++.so.6.0.22
7fa257d0f000-7fa257d19000 r--p 00177000 08:12 925640                     /usr/lib/libstdc++.so.6.0.22
7fa257d19000-7fa257d1b000 rw-p 00181000 08:12 925640                     /usr/lib/libstdc++.so.6.0.22
7fa257d1b000-7fa257d1f000 rw-p 00000000 00:00 0 
7fa257d1f000-7fa25886f000 r-xp 00000000 08:12 1573103                    /usr/lib/jvm/java-7-openjdk/jre/lib/amd64/server/libjvm.so
7fa25886f000-7fa258a6e000 ---p 00b50000 08:12 1573103                    /usr/lib/jvm/java-7-openjdk/jre/lib/amd64/server/libjvm.so
7fa258a6e000-7fa258b22000 rw-p 00b4f000 08:12 1573103                    /usr/lib/jvm/java-7-openjdk/jre/lib/amd64/server/libjvm.so
7fa258b22000-7fa258b4f000 rw-p 00000000 00:00 0 
7fa258b4f000-7fa258b64000 r-xp 00000000 08:12 919373                     /usr/lib/libz.so.1.2.8
7fa258b64000-7fa258d63000 ---p 00015000 08:12 919373                     /usr/lib/libz.so.1.2.8
7fa258d63000-7fa258d64000 r--p 00014000 08:12 919373                     /usr/lib/libz.so.1.2.8
7fa258d64000-7fa258d65000 rw-p 00015000 08:12 919373                     /usr/lib/libz.so.1.2.8
7fa258d65000-7fa258efc000 r-xp 00000000 08:12 922320                     /usr/lib/libc-2.23.so
7fa258efc000-7fa2590fc000 ---p 00197000 08:12 922320                     /usr/lib/libc-2.23.so
7fa2590fc000-7fa259100000 r--p 00197000 08:12 922320                     /usr/lib/libc-2.23.so
7fa259100000-7fa259102000 rw-p 0019b000 08:12 922320                     /usr/lib/libc-2.23.so
7fa259102000-7fa259106000 rw-p 00000000 00:00 0 
7fa259106000-7fa259108000 r-xp 00000000 08:12 924471                     /usr/lib/libdl-2.23.so
7fa259108000-7fa259308000 ---p 00002000 08:12 924471                     /usr/lib/libdl-2.23.so
7fa259308000-7fa259309000 r--p 00002000 08:12 924471                     /usr/lib/libdl-2.23.so
7fa259309000-7fa25930a000 rw-p 00003000 08:12 924471                     /usr/lib/libdl-2.23.so
7fa25930a000-7fa259317000 r-xp 00000000 08:12 1573099                    /usr/lib/jvm/java-7-openjdk/jre/lib/amd64/jli/libjli.so
7fa259317000-7fa259516000 ---p 0000d000 08:12 1573099                    /usr/lib/jvm/java-7-openjdk/jre/lib/amd64/jli/libjli.so
7fa259516000-7fa259517000 rw-p 0000c000 08:12 1573099                    /usr/lib/jvm/java-7-openjdk/jre/lib/amd64/jli/libjli.so
7fa259517000-7fa25952f000 r-xp 00000000 08:12 922291                     /usr/lib/libpthread-2.23.so
7fa25952f000-7fa25972e000 ---p 00018000 08:12 922291                     /usr/lib/libpthread-2.23.so
7fa25972e000-7fa25972f000 r--p 00017000 08:12 922291                     /usr/lib/libpthread-2.23.so
7fa25972f000-7fa259730000 rw-p 00018000 08:12 922291                     /usr/lib/libpthread-2.23.so
7fa259730000-7fa259734000 rw-p 00000000 00:00 0 
7fa259734000-7fa259757000 r-xp 00000000 08:12 922317                     /usr/lib/ld-2.23.so
7fa2597fd000-7fa259800000 ---p 00000000 00:00 0 
7fa259800000-7fa259902000 rw-p 00000000 00:00 0 
7fa25994c000-7fa259954000 rw-s 00000000 00:23 31                         /tmp/hsperfdata_brett/32680
7fa259954000-7fa259955000 rw-p 00000000 00:00 0 
7fa259955000-7fa259956000 r--p 00000000 00:00 0 
7fa259956000-7fa259957000 rw-p 00000000 00:00 0 
7fa259957000-7fa259958000 r--p 00023000 08:12 922317                     /usr/lib/ld-2.23.so
7fa259958000-7fa259959000 rw-p 00024000 08:12 922317                     /usr/lib/ld-2.23.so
7fa259959000-7fa25995a000 rw-p 00000000 00:00 0 
7ffe673d8000-7ffe673f9000 rw-p 00000000 00:00 0                          [stack]
7ffe673fb000-7ffe673fe000 r--p 00000000 00:00 0                          [vvar]
7ffe673fe000-7ffe67400000 r-xp 00000000 00:00 0                          [vdso]
ffffffffff600000-ffffffffff601000 r-xp 00000000 00:00 0                  [vsyscall]

VM Arguments:
jvm_args: -Xms1024m -Xmx1024m -XX:ReservedCodeCacheSize=128m -XX:MaxPermSize=256m 
java_command: /usr/share/sbt/bin/sbt-launch.jar
Launcher Type: SUN_STANDARD

Environment Variables:
PATH=/usr/local/heroku/bin:/home/brett/.cabal/bin:/home/brett/bin:/usr/local/sbin:/usr/local/bin:/usr/bin:/usr/lib/jvm/default/bin:/usr/bin/site_perl:/usr/bin/vendor_perl:/usr/bin/core_perl:/usr/local/bin:/usr/bin:/bin:/usr/sbin:/sbin:/home/brett/.gem/ruby/2.3.0/bin:/home/brett/.npm-packages/bin:/home/brett/.rvm/bin
USERNAME=brett
SHELL=/usr/bin/zsh
DISPLAY=:0

Signal Handlers:
SIGSEGV: [libjvm.so+0x995b00], sa_mask[0]=0x7ffbfeff, sa_flags=0x10000004
SIGBUS: [libjvm.so+0x995b00], sa_mask[0]=0x7ffbfeff, sa_flags=0x10000004
SIGFPE: [libjvm.so+0x7fcb50], sa_mask[0]=0x7ffbfeff, sa_flags=0x10000004
SIGPIPE: [libjvm.so+0x7fcb50], sa_mask[0]=0x7ffbfeff, sa_flags=0x10000004
SIGXFSZ: [libjvm.so+0x7fcb50], sa_mask[0]=0x7ffbfeff, sa_flags=0x10000004
SIGILL: [libjvm.so+0x7fcb50], sa_mask[0]=0x7ffbfeff, sa_flags=0x10000004
SIGUSR1: SIG_DFL, sa_mask[0]=0x00000000, sa_flags=0x00000000
SIGUSR2: [libjvm.so+0x7fc9d0], sa_mask[0]=0x00000000, sa_flags=0x10000004
SIGHUP: SIG_DFL, sa_mask[0]=0x00000000, sa_flags=0x00000000
SIGINT: SIG_DFL, sa_mask[0]=0x00000000, sa_flags=0x00000000
SIGTERM: SIG_DFL, sa_mask[0]=0x00000000, sa_flags=0x00000000
SIGQUIT: SIG_DFL, sa_mask[0]=0x00000000, sa_flags=0x00000000
SIGTRAP: SIG_DFL, sa_mask[0]=0x00000000, sa_flags=0x00000000


---------------  S Y S T E M  ---------------

OS:ManjaroLinux 16.06.1 (Daniella)
uname:Linux 4.6.2-1-MANJARO #1 SMP PREEMPT Wed Jun 8 11:00:08 UTC 2016 x86_64
libc:glibc 2.23 NPTL 2.23 
rlimit: STACK 8192k, CORE infinity, NPROC 31489, NOFILE 4096, AS infinity
load average:1.04 0.81 0.81

/proc/meminfo:
MemTotal:        8068280 kB
MemFree:          136564 kB
MemAvailable:     350348 kB
Buffers:           42356 kB
Cached:           648168 kB
SwapCached:            0 kB
Active:          6648960 kB
Inactive:         381688 kB
Active(anon):    6388040 kB
Inactive(anon):   226236 kB
Active(file):     260920 kB
Inactive(file):   155452 kB
Unevictable:           0 kB
Mlocked:               0 kB
SwapTotal:             0 kB
SwapFree:              0 kB
Dirty:               188 kB
Writeback:             0 kB
AnonPages:       6306960 kB
Mapped:           481596 kB
Shmem:            273304 kB
Slab:             236268 kB
SReclaimable:      35696 kB
SUnreclaim:       200572 kB
KernelStack:       14224 kB
PageTables:        69216 kB
NFS_Unstable:          0 kB
Bounce:                0 kB
WritebackTmp:          0 kB
CommitLimit:     4034140 kB
Committed_AS:   14171860 kB
VmallocTotal:   34359738367 kB
VmallocUsed:           0 kB
VmallocChunk:          0 kB
HardwareCorrupted:     0 kB
AnonHugePages:   1523712 kB
HugePages_Total:       0
HugePages_Free:        0
HugePages_Rsvd:        0
HugePages_Surp:        0
Hugepagesize:       2048 kB
DirectMap4k:     2247340 kB
DirectMap2M:     6029312 kB


CPU:total 4 (4 cores per cpu, 1 threads per core) family 6 model 58 stepping 9, cmov, cx8, fxsr, mmx, sse, sse2, sse3, ssse3, sse4.1, sse4.2, popcnt, avx, aes, erms, tsc, tscinvbit, tscinv

/proc/cpuinfo:
processor	: 0
vendor_id	: GenuineIntel
cpu family	: 6
model		: 58
model name	: Intel(R) Core(TM) i5-3570K CPU @ 3.40GHz
stepping	: 9
microcode	: 0x1c
cpu MHz		: 3204.632
cache size	: 6144 KB
physical id	: 0
siblings	: 4
core id		: 0
cpu cores	: 4
apicid		: 0
initial apicid	: 0
fpu		: yes
fpu_exception	: yes
cpuid level	: 13
wp		: yes
flags		: fpu vme de pse tsc msr pae mce cx8 apic sep mtrr pge mca cmov pat pse36 clflush dts acpi mmx fxsr sse sse2 ss ht tm pbe syscall nx rdtscp lm constant_tsc arch_perfmon pebs bts rep_good nopl xtopology nonstop_tsc aperfmperf eagerfpu pni pclmulqdq dtes64 monitor ds_cpl vmx est tm2 ssse3 cx16 xtpr pdcm pcid sse4_1 sse4_2 popcnt tsc_deadline_timer aes xsave avx f16c rdrand lahf_lm epb tpr_shadow vnmi flexpriority ept vpid fsgsbase smep erms xsaveopt dtherm ida arat pln pts
bugs		:
bogomips	: 6803.68
clflush size	: 64
cache_alignment	: 64
address sizes	: 36 bits physical, 48 bits virtual
power management:

processor	: 1
vendor_id	: GenuineIntel
cpu family	: 6
model		: 58
model name	: Intel(R) Core(TM) i5-3570K CPU @ 3.40GHz
stepping	: 9
microcode	: 0x1c
cpu MHz		: 3263.601
cache size	: 6144 KB
physical id	: 0
siblings	: 4
core id		: 1
cpu cores	: 4
apicid		: 2
initial apicid	: 2
fpu		: yes
fpu_exception	: yes
cpuid level	: 13
wp		: yes
flags		: fpu vme de pse tsc msr pae mce cx8 apic sep mtrr pge mca cmov pat pse36 clflush dts acpi mmx fxsr sse sse2 ss ht tm pbe syscall nx rdtscp lm constant_tsc arch_perfmon pebs bts rep_good nopl xtopology nonstop_tsc aperfmperf eagerfpu pni pclmulqdq dtes64 monitor ds_cpl vmx est tm2 ssse3 cx16 xtpr pdcm pcid sse4_1 sse4_2 popcnt tsc_deadline_timer aes xsave avx f16c rdrand lahf_lm epb tpr_shadow vnmi flexpriority ept vpid fsgsbase smep erms xsaveopt dtherm ida arat pln pts
bugs		:
bogomips	: 6804.76
clflush size	: 64
cache_alignment	: 64
address sizes	: 36 bits physical, 48 bits virtual
power management:

processor	: 2
vendor_id	: GenuineIntel
cpu family	: 6
model		: 58
model name	: Intel(R) Core(TM) i5-3570K CPU @ 3.40GHz
stepping	: 9
microcode	: 0x1c
cpu MHz		: 3227.476
cache size	: 6144 KB
physical id	: 0
siblings	: 4
core id		: 2
cpu cores	: 4
apicid		: 4
initial apicid	: 4
fpu		: yes
fpu_exception	: yes
cpuid level	: 13
wp		: yes
flags		: fpu vme de pse tsc msr pae mce cx8 apic sep mtrr pge mca cmov pat pse36 clflush dts acpi mmx fxsr sse sse2 ss ht tm pbe syscall nx rdtscp lm constant_tsc arch_perfmon pebs bts rep_good nopl xtopology nonstop_tsc aperfmperf eagerfpu pni pclmulqdq dtes64 monitor ds_cpl vmx est tm2 ssse3 cx16 xtpr pdcm pcid sse4_1 sse4_2 popcnt tsc_deadline_timer aes xsave avx f16c rdrand lahf_lm epb tpr_shadow vnmi flexpriority ept vpid fsgsbase smep erms xsaveopt dtherm ida arat pln pts
bugs		:
bogomips	: 6804.84
clflush size	: 64
cache_alignment	: 64
address sizes	: 36 bits physical, 48 bits virtual
power management:

processor	: 3
vendor_id	: GenuineIntel
cpu family	: 6
model		: 58
model name	: Intel(R) Core(TM) i5-3570K CPU @ 3.40GHz
stepping	: 9
microcode	: 0x1c
cpu MHz		: 3275.023
cache size	: 6144 KB
physical id	: 0
siblings	: 4
core id		: 3
cpu cores	: 4
apicid		: 6
initial apicid	: 6
fpu		: yes
fpu_exception	: yes
cpuid level	: 13
wp		: yes
flags		: fpu vme de pse tsc msr pae mce cx8 apic sep mtrr pge mca cmov pat pse36 clflush dts acpi mmx fxsr sse sse2 ss ht tm pbe syscall nx rdtscp lm constant_tsc arch_perfmon pebs bts rep_good nopl xtopology nonstop_tsc aperfmperf eagerfpu pni pclmulqdq dtes64 monitor ds_cpl vmx est tm2 ssse3 cx16 xtpr pdcm pcid sse4_1 sse4_2 popcnt tsc_deadline_timer aes xsave avx f16c rdrand lahf_lm epb tpr_shadow vnmi flexpriority ept vpid fsgsbase smep erms xsaveopt dtherm ida arat pln pts
bugs		:
bogomips	: 6804.84
clflush size	: 64
cache_alignment	: 64
address sizes	: 36 bits physical, 48 bits virtual
power management:



Memory: 4k page, physical 8068280k(136564k free), swap 0k(0k free)

vm_info: OpenJDK 64-Bit Server VM (24.95-b01) for linux-amd64 JRE (1.7.0_101-b00), built on May  2 2016 15:39:24 by "builduser" with gcc 5.3.0

time: Sun Jul 17 15:59:56 2016
elapsed time: 0 seconds

